<?xml version="1.0" encoding="utf-8"?><testsuites><testsuite name="pytest" errors="0" failures="0" skipped="1" tests="26" time="4.017" timestamp="2025-01-20T21:04:11.926780" hostname="Team-Imagines-Mac-mini.local"><testcase classname="tests.test_evaluate_cortex" name="test_connection_params_structure" time="0.001" /><testcase classname="tests.test_evaluate_cortex" name="test_cortex_search_retriever_retrieve[test query-expected_results0]" time="0.002" /><testcase classname="tests.test_evaluate_cortex" name="test_cortex_search_retriever_retrieve[empty query-expected_results1]" time="0.002" /><testcase classname="tests.test_evaluate_cortex" name="test_cortex_search_retriever_retrieve_error" time="0.007" /><testcase classname="tests.test_evaluate_cortex" name="test_cortex_search_retriever_init" time="0.001" /><testcase classname="tests.test_evaluate_cortex" name="test_cortex_search_retriever_invalid_response" time="0.002" /><testcase classname="tests.test_evaluate_cortex" name="test_cortex_search_retriever_missing_results_attr" time="0.002" /><testcase classname="tests.test_evaluate_cortex" name="test_rag_from_scratch_init" time="0.002" /><testcase classname="tests.test_evaluate_cortex" name="test_rag_from_scratch_query[test query-context0-test completion]" time="0.002" /><testcase classname="tests.test_evaluate_cortex" name="test_rag_from_scratch_query[empty context-context1-No relevant information found]" time="0.002" /><testcase classname="tests.test_evaluate_cortex" name="test_rag_from_scratch_retrieve_context" time="0.002" /><testcase classname="tests.test_evaluate_cortex" name="test_rag_from_scratch_generate_completion" time="0.002" /><testcase classname="tests.test_streamlite_app.TestStreamliteApp" name="test_complete" time="0.004" /><testcase classname="tests.test_streamlite_app.TestStreamliteApp" name="test_create_prompt" time="0.003" /><testcase classname="tests.test_streamlite_app.TestStreamliteApp" name="test_create_prompt_with_feature_specific_base_prompts" time="0.003" /><testcase classname="tests.test_streamlite_app.TestStreamliteApp" name="test_get_chat_history" time="0.003" /><testcase classname="tests.test_streamlite_app.TestStreamliteApp" name="test_init_config_options" time="0.005" /><testcase classname="tests.test_streamlite_app.TestStreamliteApp" name="test_init_messages" time="0.004" /><testcase classname="tests.test_streamlite_app.TestStreamliteApp" name="test_init_service_metadata" time="0.003" /><testcase classname="tests.test_streamlite_app.TestStreamliteApp" name="test_initialize_session" time="0.003" /><testcase classname="tests.test_streamlite_app.TestStreamliteApp" name="test_make_chat_history_summary" time="0.003" /><testcase classname="tests.test_streamlite_app.TestStreamliteApp" name="test_query_cortex_search_service" time="0.005" /><testcase classname="tests.test_ui_components" name="test_login_page" time="0.001" /><testcase classname="tests.test_ui_components" name="test_snowflake_connection" time="0.000"><skipped type="pytest.skip" message="Database connection required">/Users/rajeshsahu/Gitlab_Local/Demo_app/tests/test_ui_components.py:67: Database connection required</skipped></testcase><testcase classname="tests.test_utils" name="test_login_credentials" time="0.001" /><testcase classname="tests.test_utils" name="test_session_state" time="0.001" /></testsuite></testsuites>