<?xml version="1.0" encoding="utf-8"?><testsuites><testsuite name="pytest" errors="0" failures="0" skipped="1" tests="11" time="0.383" timestamp="2025-01-18T20:58:14.651787" hostname="Team-Imagines-Mac-mini.local"><testcase classname="tests.test_streamlite_app.TestStreamliteApp" name="test_complete" time="0.003" /><testcase classname="tests.test_streamlite_app.TestStreamliteApp" name="test_create_prompt" time="0.002" /><testcase classname="tests.test_streamlite_app.TestStreamliteApp" name="test_get_chat_history" time="0.002" /><testcase classname="tests.test_streamlite_app.TestStreamliteApp" name="test_init_service_metadata" time="0.002" /><testcase classname="tests.test_streamlite_app.TestStreamliteApp" name="test_initialize_session" time="0.002" /><testcase classname="tests.test_streamlite_app.TestStreamliteApp" name="test_make_chat_history_summary" time="0.002" /><testcase classname="tests.test_streamlite_app.TestStreamliteApp" name="test_query_cortex_search_service" time="0.005" /><testcase classname="tests.test_ui_components" name="test_login_page" time="0.000" /><testcase classname="tests.test_ui_components" name="test_snowflake_connection" time="0.000"><skipped type="pytest.skip" message="Database connection required">/Users/rajeshsahu/Gitlab_Local/Demo_app/tests/test_ui_components.py:67: Database connection required</skipped></testcase><testcase classname="tests.test_utils" name="test_login_credentials" time="0.000" /><testcase classname="tests.test_utils" name="test_session_state" time="0.000" /></testsuite></testsuites>
